FXC : warning X4717: Effects deprecated for D3DCompiler_47
  
  compilation object save succeeded; see C:\Users\Bum\Desktop\GitHub\Direct11_Project\Project_KSB\Release\Texture.cso
FXC : warning X4717: Effects deprecated for D3DCompiler_47
  
  compilation object save succeeded; see C:\Users\Bum\Desktop\GitHub\Direct11_Project\Project_KSB\Release\Texture.cso
FXC : warning X4717: Effects deprecated for D3DCompiler_47
  
  compilation object save succeeded; see C:\Users\Bum\Desktop\GitHub\Direct11_Project\Project_KSB\Release\Color.cso
FXC : warning X4717: Effects deprecated for D3DCompiler_47
  
  compilation object save succeeded; see C:\Users\Bum\Desktop\GitHub\Direct11_Project\Project_KSB\Release\Color.cso
FXC : warning X4717: Effects deprecated for D3DCompiler_47
  
  compilation object save succeeded; see C:\Users\Bum\Desktop\GitHub\Direct11_Project\Project_KSB\Release\Light.cso
FXC : warning X4717: Effects deprecated for D3DCompiler_47
  
  compilation object save succeeded; see C:\Users\Bum\Desktop\GitHub\Direct11_Project\Project_KSB\Release\Light.cso
FXC : warning X4717: Effects deprecated for D3DCompiler_47
  
  compilation object save succeeded; see C:\Users\Bum\Desktop\GitHub\Direct11_Project\Project_KSB\Release\Font.cso
FXC : warning X4717: Effects deprecated for D3DCompiler_47
  
  compilation object save succeeded; see C:\Users\Bum\Desktop\GitHub\Direct11_Project\Project_KSB\Release\Font.cso
  pch.cpp
  C:\Program Files (x86)\Windows Kits\10\Include\10.0.18362.0\um\dinput.h: DIRECTINPUT_VERSION undefined. Defaulting to version 0x0800
  Cpu.cpp
  DDSTextureLoader.cpp
  Font.cpp
  FontShader.cpp
  Fps.cpp
  Input.cpp
  InputDX.cpp
  Light.cpp
  LightShader.cpp
  Model3D.cpp
  ModelBitmap.cpp
  ModelLight.cpp
  ModelTexture.cpp
  Text.cpp
  Texture.cpp
  TextureShader.cpp
  Timer.cpp
  Camera.cpp
  ColorShader.cpp
  Direct3D.cpp
  컴파일하고 있습니다...
  Graphic.cpp
  Model.cpp
  Project_KSB.cpp
  System.cpp
InputDX.obj : error LNK2001: _IID_IDirectInput8W 외부 기호를 확인할 수 없습니다.
InputDX.obj : error LNK2001: _GUID_SysKeyboard 외부 기호를 확인할 수 없습니다.
InputDX.obj : error LNK2001: _GUID_SysMouse 외부 기호를 확인할 수 없습니다.
dinput8.lib(dilib2.obj) : error LNK2001: _GUID_Key 외부 기호를 확인할 수 없습니다.
dinput8.lib(dilib1.obj) : error LNK2001: _GUID_YAxis 외부 기호를 확인할 수 없습니다.
dinput8.lib(dilib1.obj) : error LNK2001: _GUID_XAxis 외부 기호를 확인할 수 없습니다.
dinput8.lib(dilib1.obj) : error LNK2001: _GUID_ZAxis 외부 기호를 확인할 수 없습니다.
C:\Users\Bum\Desktop\GitHub\Direct11_Project\Project_KSB\Release\Project_KSB.exe : fatal error LNK1120: 7개의 확인할 수 없는 외부 참조입니다.
