  pch.cpp
  Camera.cpp
  ColorShader.cpp
  Cpu.cpp
  DDSTextureLoader.cpp
  Direct3D.cpp
  Font.cpp
  FontShader.cpp
  Fps.cpp
  Graphic.cpp
  Input.cpp
  InputDX.cpp
  Light.cpp
  LightShader.cpp
  Model.cpp
  Model3D.cpp
  ModelBitmap.cpp
  ModelLight.cpp
  ModelTexture.cpp
  Project_KSB.cpp
  System.cpp
  컴파일하고 있습니다...
  Text.cpp
  Texture.cpp
  TextureShader.cpp
  Timer.cpp
InputDX.obj : error LNK2001: IID_IDirectInput8W 외부 기호를 확인할 수 없습니다.
InputDX.obj : error LNK2001: GUID_SysKeyboard 외부 기호를 확인할 수 없습니다.
InputDX.obj : error LNK2001: GUID_SysMouse 외부 기호를 확인할 수 없습니다.
dinput8.lib(dilib2.obj) : error LNK2001: GUID_Key 외부 기호를 확인할 수 없습니다.
dinput8.lib(dilib1.obj) : error LNK2001: GUID_YAxis 외부 기호를 확인할 수 없습니다.
dinput8.lib(dilib1.obj) : error LNK2001: GUID_XAxis 외부 기호를 확인할 수 없습니다.
dinput8.lib(dilib1.obj) : error LNK2001: GUID_ZAxis 외부 기호를 확인할 수 없습니다.
C:\Users\Bum\Desktop\GitHub\Direct11_Project\Project_KSB\x64\Release\Project_KSB.exe : fatal error LNK1120: 7개의 확인할 수 없는 외부 참조입니다.
