  pch.cpp
  Camera.cpp
  ColorShader.cpp
  Cpu.cpp
  DDSTextureLoader.cpp
  Direct3D.cpp
  Font.cpp
  FontShader.cpp
  Fps.cpp
  Graphic.cpp
  Input.cpp
  InputDX.cpp
  Light.cpp
  LightShader.cpp
  Model.cpp
  Model3D.cpp
  ModelBitmap.cpp
  ModelLight.cpp
  ModelTexture.cpp
  Project_KSB.cpp
  Sound.cpp
  코드를 생성하고 있습니다...
  컴파일하고 있습니다...
  System.cpp
  Text.cpp
  Texture.cpp
  TextureShader.cpp
  Timer.cpp
  코드를 생성하고 있습니다...
  Project_KSB.vcxproj -> C:\Users\Bum\Desktop\GitHub\Direct11_Project\Project_KSB\Debug\Project_KSB.exe
